Server Listening
---------------ts: 2022-02-14 17:18:50.780459---------------
Broadcast Backlog: 0
Messages Broadcasted: 0
Broadcasters: {}
Subscribers: {}
--------------------------------------------

---------------ts: 2022-02-14 17:18:51.789227---------------
Broadcast Backlog: 0
Messages Broadcasted: 0
Broadcasters: {}
Subscribers: {}
--------------------------------------------

---------------ts: 2022-02-14 17:18:52.794321---------------
Broadcast Backlog: 0
Messages Broadcasted: 0
Broadcasters: {}
Subscribers: {}
--------------------------------------------

---------------ts: 2022-02-14 17:18:53.799989---------------
Broadcast Backlog: 0
Messages Broadcasted: 0
Broadcasters: {}
Subscribers: {}
--------------------------------------------

---------------ts: 2022-02-14 17:18:54.805270---------------
Broadcast Backlog: 0
Messages Broadcasted: 0
Broadcasters: {}
Subscribers: {}
--------------------------------------------

---------------ts: 2022-02-14 17:18:55.812056---------------
Broadcast Backlog: 0
Messages Broadcasted: 0
Broadcasters: {}
Subscribers: {}
--------------------------------------------

---------------ts: 2022-02-14 17:18:56.818673---------------
Broadcast Backlog: 0
Messages Broadcasted: 0
Broadcasters: {}
Subscribers: {}
--------------------------------------------

---------------ts: 2022-02-14 17:18:57.831105---------------
Broadcast Backlog: 0
Messages Broadcasted: 0
Broadcasters: {}
Subscribers: {}
--------------------------------------------

---------------ts: 2022-02-14 17:18:58.848437---------------
Broadcast Backlog: 0
Messages Broadcasted: 0
Broadcasters: {}
Subscribers: {}
--------------------------------------------

---------------ts: 2022-02-14 17:18:59.867103---------------
Broadcast Backlog: 0
Messages Broadcasted: 0
Broadcasters: {}
Subscribers: {}
--------------------------------------------

---------------ts: 2022-02-14 17:19:00.872570---------------
Broadcast Backlog: 0
Messages Broadcasted: 0
Broadcasters: {}
Subscribers: {}
--------------------------------------------

---------------ts: 2022-02-14 17:19:01.878415---------------
Broadcast Backlog: 0
Messages Broadcasted: 0
Broadcasters: {}
Subscribers: {}
--------------------------------------------

---------------ts: 2022-02-14 17:19:02.890128---------------
Broadcast Backlog: 0
Messages Broadcasted: 0
Broadcasters: {}
Subscribers: {}
--------------------------------------------

Client Connected
---------------ts: 2022-02-14 17:19:03.895028---------------
Broadcast Backlog: 0
Messages Broadcasted: 0
Broadcasters: {}
Subscribers: {}
--------------------------------------------

---------------ts: 2022-02-14 17:19:04.901611---------------
Broadcast Backlog: 0
Messages Broadcasted: 0
Broadcasters: {}
Subscribers: {}
--------------------------------------------

---------------ts: 2022-02-14 17:19:05.909896---------------
Broadcast Backlog: 0
Messages Broadcasted: 0
Broadcasters: {}
Subscribers: {}
--------------------------------------------

---------------ts: 2022-02-14 17:19:06.915597---------------
Broadcast Backlog: 0
Messages Broadcasted: 0
Broadcasters: {}
Subscribers: {}
--------------------------------------------

---------------ts: 2022-02-14 17:19:07.921466---------------
Broadcast Backlog: 0
Messages Broadcasted: 0
Broadcasters: {}
Subscribers: {}
--------------------------------------------

binance consumer started
---------------ts: 2022-02-14 17:19:08.934877---------------
Broadcast Backlog: 0
Messages Broadcasted: 0
Broadcasters: {'binance': AsyncKafkaConsumer: topic=test-binance-raw}
Subscribers: {'binance': [<ClientHandler: id=0>]}
--------------------------------------------

---------------ts: 2022-02-14 17:19:09.954410---------------
Broadcast Backlog: 0
Messages Broadcasted: 0
Broadcasters: {'binance': AsyncKafkaConsumer: topic=test-binance-raw}
Subscribers: {'binance': [<ClientHandler: id=0>]}
--------------------------------------------

---------------ts: 2022-02-14 17:19:10.968899---------------
Broadcast Backlog: 0
Messages Broadcasted: 0
Broadcasters: {'binance': AsyncKafkaConsumer: topic=test-binance-raw}
Subscribers: {'binance': [<ClientHandler: id=0>]}
--------------------------------------------

---------------ts: 2022-02-14 17:19:11.986375---------------
Broadcast Backlog: 0
Messages Broadcasted: 0
Broadcasters: {'binance': AsyncKafkaConsumer: topic=test-binance-raw}
Subscribers: {'binance': [<ClientHandler: id=0>]}
--------------------------------------------

---------------ts: 2022-02-14 17:19:13.003281---------------
Broadcast Backlog: 0
Messages Broadcasted: 0
Broadcasters: {'binance': AsyncKafkaConsumer: topic=test-binance-raw}
Subscribers: {'binance': [<ClientHandler: id=0>]}
--------------------------------------------

---------------ts: 2022-02-14 17:19:14.015491---------------
Broadcast Backlog: 0
Messages Broadcasted: 0
Broadcasters: {'binance': AsyncKafkaConsumer: topic=test-binance-raw}
Subscribers: {'binance': [<ClientHandler: id=0>]}
--------------------------------------------

---------------ts: 2022-02-14 17:19:15.028954---------------
Broadcast Backlog: 0
Messages Broadcasted: 0
Broadcasters: {'binance': AsyncKafkaConsumer: topic=test-binance-raw}
Subscribers: {'binance': [<ClientHandler: id=0>]}
--------------------------------------------

---------------ts: 2022-02-14 17:19:16.052375---------------
Broadcast Backlog: 0
Messages Broadcasted: 0
Broadcasters: {'binance': AsyncKafkaConsumer: topic=test-binance-raw}
Subscribers: {'binance': [<ClientHandler: id=0>]}
--------------------------------------------

---------------ts: 2022-02-14 17:19:17.071249---------------
Broadcast Backlog: 0
Messages Broadcasted: 0
Broadcasters: {'binance': AsyncKafkaConsumer: topic=test-binance-raw}
Subscribers: {'binance': [<ClientHandler: id=0>]}
--------------------------------------------

---------------ts: 2022-02-14 17:19:18.085707---------------
Broadcast Backlog: 0
Messages Broadcasted: 0
Broadcasters: {'binance': AsyncKafkaConsumer: topic=test-binance-raw}
Subscribers: {'binance': [<ClientHandler: id=0>]}
--------------------------------------------

---------------ts: 2022-02-14 17:19:19.101216---------------
Broadcast Backlog: 0
Messages Broadcasted: 0
Broadcasters: {'binance': AsyncKafkaConsumer: topic=test-binance-raw}
Subscribers: {'binance': [<ClientHandler: id=0>]}
--------------------------------------------

---------------ts: 2022-02-14 17:19:20.120699---------------
Broadcast Backlog: 0
Messages Broadcasted: 0
Broadcasters: {'binance': AsyncKafkaConsumer: topic=test-binance-raw}
Subscribers: {'binance': [<ClientHandler: id=0>]}
--------------------------------------------

---------------ts: 2022-02-14 17:19:21.143722---------------
Broadcast Backlog: 0
Messages Broadcasted: 0
Broadcasters: {'binance': AsyncKafkaConsumer: topic=test-binance-raw}
Subscribers: {'binance': [<ClientHandler: id=0>]}
--------------------------------------------

---------------ts: 2022-02-14 17:19:22.157403---------------
Broadcast Backlog: 0
Messages Broadcasted: 0
Broadcasters: {'binance': AsyncKafkaConsumer: topic=test-binance-raw}
Subscribers: {'binance': [<ClientHandler: id=0>]}
--------------------------------------------

---------------ts: 2022-02-14 17:19:23.169894---------------
Broadcast Backlog: 0
Messages Broadcasted: 0
Broadcasters: {'binance': AsyncKafkaConsumer: topic=test-binance-raw}
Subscribers: {'binance': [<ClientHandler: id=0>]}
--------------------------------------------

---------------ts: 2022-02-14 17:19:24.185811---------------
Broadcast Backlog: 0
Messages Broadcasted: 0
Broadcasters: {'binance': AsyncKafkaConsumer: topic=test-binance-raw}
Subscribers: {'binance': [<ClientHandler: id=0>]}
--------------------------------------------

---------------ts: 2022-02-14 17:19:25.202617---------------
Broadcast Backlog: 0
Messages Broadcasted: 0
Broadcasters: {'binance': AsyncKafkaConsumer: topic=test-binance-raw}
Subscribers: {'binance': [<ClientHandler: id=0>]}
--------------------------------------------

---------------ts: 2022-02-14 17:19:26.220552---------------
Broadcast Backlog: 0
Messages Broadcasted: 0
Broadcasters: {'binance': AsyncKafkaConsumer: topic=test-binance-raw}
Subscribers: {'binance': [<ClientHandler: id=0>]}
--------------------------------------------

---------------ts: 2022-02-14 17:19:27.233285---------------
Broadcast Backlog: 0
Messages Broadcasted: 0
Broadcasters: {'binance': AsyncKafkaConsumer: topic=test-binance-raw}
Subscribers: {'binance': [<ClientHandler: id=0>]}
--------------------------------------------

---------------ts: 2022-02-14 17:19:28.247686---------------
Broadcast Backlog: 0
Messages Broadcasted: 0
Broadcasters: {'binance': AsyncKafkaConsumer: topic=test-binance-raw}
Subscribers: {'binance': [<ClientHandler: id=0>]}
--------------------------------------------

---------------ts: 2022-02-14 17:19:29.269596---------------
Broadcast Backlog: 0
Messages Broadcasted: 0
Broadcasters: {'binance': AsyncKafkaConsumer: topic=test-binance-raw}
Subscribers: {'binance': [<ClientHandler: id=0>]}
--------------------------------------------

---------------ts: 2022-02-14 17:19:30.284628---------------
Broadcast Backlog: 0
Messages Broadcasted: 0
Broadcasters: {'binance': AsyncKafkaConsumer: topic=test-binance-raw}
Subscribers: {'binance': [<ClientHandler: id=0>]}
--------------------------------------------

---------------ts: 2022-02-14 17:19:31.304068---------------
Broadcast Backlog: 0
Messages Broadcasted: 0
Broadcasters: {'binance': AsyncKafkaConsumer: topic=test-binance-raw}
Subscribers: {'binance': [<ClientHandler: id=0>]}
--------------------------------------------

---------------ts: 2022-02-14 17:19:32.321591---------------
Broadcast Backlog: 0
Messages Broadcasted: 0
Broadcasters: {'binance': AsyncKafkaConsumer: topic=test-binance-raw}
Subscribers: {'binance': [<ClientHandler: id=0>]}
--------------------------------------------

---------------ts: 2022-02-14 17:19:33.336652---------------
Broadcast Backlog: 0
Messages Broadcasted: 0
Broadcasters: {'binance': AsyncKafkaConsumer: topic=test-binance-raw}
Subscribers: {'binance': [<ClientHandler: id=0>]}
--------------------------------------------

---------------ts: 2022-02-14 17:19:34.348709---------------
Broadcast Backlog: 0
Messages Broadcasted: 0
Broadcasters: {'binance': AsyncKafkaConsumer: topic=test-binance-raw}
Subscribers: {'binance': [<ClientHandler: id=0>]}
--------------------------------------------

---------------ts: 2022-02-14 17:19:35.368158---------------
Broadcast Backlog: 0
Messages Broadcasted: 0
Broadcasters: {'binance': AsyncKafkaConsumer: topic=test-binance-raw}
Subscribers: {'binance': [<ClientHandler: id=0>]}
--------------------------------------------

---------------ts: 2022-02-14 17:19:36.384573---------------
Broadcast Backlog: 0
Messages Broadcasted: 0
Broadcasters: {'binance': AsyncKafkaConsumer: topic=test-binance-raw}
Subscribers: {'binance': [<ClientHandler: id=0>]}
--------------------------------------------

---------------ts: 2022-02-14 17:19:37.401019---------------
Broadcast Backlog: 0
Messages Broadcasted: 0
Broadcasters: {'binance': AsyncKafkaConsumer: topic=test-binance-raw}
Subscribers: {'binance': [<ClientHandler: id=0>]}
--------------------------------------------

---------------ts: 2022-02-14 17:19:38.415220---------------
Broadcast Backlog: 0
Messages Broadcasted: 0
Broadcasters: {'binance': AsyncKafkaConsumer: topic=test-binance-raw}
Subscribers: {'binance': [<ClientHandler: id=0>]}
--------------------------------------------

---------------ts: 2022-02-14 17:19:39.438319---------------
Broadcast Backlog: 0
Messages Broadcasted: 0
Broadcasters: {'binance': AsyncKafkaConsumer: topic=test-binance-raw}
Subscribers: {'binance': [<ClientHandler: id=0>]}
--------------------------------------------

---------------ts: 2022-02-14 17:19:40.452131---------------
Broadcast Backlog: 0
Messages Broadcasted: 0
Broadcasters: {'binance': AsyncKafkaConsumer: topic=test-binance-raw}
Subscribers: {'binance': [<ClientHandler: id=0>]}
--------------------------------------------

---------------ts: 2022-02-14 17:19:41.465002---------------
Broadcast Backlog: 0
Messages Broadcasted: 0
Broadcasters: {'binance': AsyncKafkaConsumer: topic=test-binance-raw}
Subscribers: {'binance': [<ClientHandler: id=0>]}
--------------------------------------------

---------------ts: 2022-02-14 17:19:42.481645---------------
Broadcast Backlog: 0
Messages Broadcasted: 0
Broadcasters: {'binance': AsyncKafkaConsumer: topic=test-binance-raw}
Subscribers: {'binance': [<ClientHandler: id=0>]}
--------------------------------------------

---------------ts: 2022-02-14 17:19:43.495059---------------
Broadcast Backlog: 0
Messages Broadcasted: 0
Broadcasters: {'binance': AsyncKafkaConsumer: topic=test-binance-raw}
Subscribers: {'binance': [<ClientHandler: id=0>]}
--------------------------------------------

---------------ts: 2022-02-14 17:19:44.512651---------------
Broadcast Backlog: 0
Messages Broadcasted: 0
Broadcasters: {'binance': AsyncKafkaConsumer: topic=test-binance-raw}
Subscribers: {'binance': [<ClientHandler: id=0>]}
--------------------------------------------

---------------ts: 2022-02-14 17:19:45.527185---------------
Broadcast Backlog: 0
Messages Broadcasted: 0
Broadcasters: {'binance': AsyncKafkaConsumer: topic=test-binance-raw}
Subscribers: {'binance': [<ClientHandler: id=0>]}
--------------------------------------------

---------------ts: 2022-02-14 17:19:46.545087---------------
Broadcast Backlog: 0
Messages Broadcasted: 0
Broadcasters: {'binance': AsyncKafkaConsumer: topic=test-binance-raw}
Subscribers: {'binance': [<ClientHandler: id=0>]}
--------------------------------------------

---------------ts: 2022-02-14 17:19:47.559014---------------
Broadcast Backlog: 0
Messages Broadcasted: 0
Broadcasters: {'binance': AsyncKafkaConsumer: topic=test-binance-raw}
Subscribers: {'binance': [<ClientHandler: id=0>]}
--------------------------------------------

---------------ts: 2022-02-14 17:19:48.572589---------------
Broadcast Backlog: 0
Messages Broadcasted: 0
Broadcasters: {'binance': AsyncKafkaConsumer: topic=test-binance-raw}
Subscribers: {'binance': [<ClientHandler: id=0>]}
--------------------------------------------

---------------ts: 2022-02-14 17:19:49.587923---------------
Broadcast Backlog: 0
Messages Broadcasted: 0
Broadcasters: {'binance': AsyncKafkaConsumer: topic=test-binance-raw}
Subscribers: {'binance': [<ClientHandler: id=0>]}
--------------------------------------------

---------------ts: 2022-02-14 17:19:50.605116---------------
Broadcast Backlog: 0
Messages Broadcasted: 0
Broadcasters: {'binance': AsyncKafkaConsumer: topic=test-binance-raw}
Subscribers: {'binance': [<ClientHandler: id=0>]}
--------------------------------------------

---------------ts: 2022-02-14 17:19:51.621859---------------
Broadcast Backlog: 0
Messages Broadcasted: 0
Broadcasters: {'binance': AsyncKafkaConsumer: topic=test-binance-raw}
Subscribers: {'binance': [<ClientHandler: id=0>]}
--------------------------------------------

---------------ts: 2022-02-14 17:19:52.638624---------------
Broadcast Backlog: 0
Messages Broadcasted: 0
Broadcasters: {'binance': AsyncKafkaConsumer: topic=test-binance-raw}
Subscribers: {'binance': [<ClientHandler: id=0>]}
--------------------------------------------

---------------ts: 2022-02-14 17:19:53.652449---------------
Broadcast Backlog: 0
Messages Broadcasted: 0
Broadcasters: {'binance': AsyncKafkaConsumer: topic=test-binance-raw}
Subscribers: {'binance': [<ClientHandler: id=0>]}
--------------------------------------------

---------------ts: 2022-02-14 17:19:54.668511---------------
Broadcast Backlog: 0
Messages Broadcasted: 0
Broadcasters: {'binance': AsyncKafkaConsumer: topic=test-binance-raw}
Subscribers: {'binance': [<ClientHandler: id=0>]}
--------------------------------------------

---------------ts: 2022-02-14 17:19:55.680595---------------
Broadcast Backlog: 0
Messages Broadcasted: 0
Broadcasters: {'binance': AsyncKafkaConsumer: topic=test-binance-raw}
Subscribers: {'binance': [<ClientHandler: id=0>]}
--------------------------------------------

---------------ts: 2022-02-14 17:19:56.695261---------------
Broadcast Backlog: 0
Messages Broadcasted: 0
Broadcasters: {'binance': AsyncKafkaConsumer: topic=test-binance-raw}
Subscribers: {'binance': [<ClientHandler: id=0>]}
--------------------------------------------

---------------ts: 2022-02-14 17:19:57.713326---------------
Broadcast Backlog: 0
Messages Broadcasted: 0
Broadcasters: {'binance': AsyncKafkaConsumer: topic=test-binance-raw}
Subscribers: {'binance': [<ClientHandler: id=0>]}
--------------------------------------------

---------------ts: 2022-02-14 17:19:58.726631---------------
Broadcast Backlog: 0
Messages Broadcasted: 0
Broadcasters: {'binance': AsyncKafkaConsumer: topic=test-binance-raw}
Subscribers: {'binance': [<ClientHandler: id=0>]}
--------------------------------------------

---------------ts: 2022-02-14 17:19:59.742136---------------
Broadcast Backlog: 0
Messages Broadcasted: 0
Broadcasters: {'binance': AsyncKafkaConsumer: topic=test-binance-raw}
Subscribers: {'binance': [<ClientHandler: id=0>]}
--------------------------------------------

---------------ts: 2022-02-14 17:20:00.756373---------------
Broadcast Backlog: 0
Messages Broadcasted: 0
Broadcasters: {'binance': AsyncKafkaConsumer: topic=test-binance-raw}
Subscribers: {'binance': [<ClientHandler: id=0>]}
--------------------------------------------

---------------ts: 2022-02-14 17:20:01.767925---------------
Broadcast Backlog: 0
Messages Broadcasted: 0
Broadcasters: {'binance': AsyncKafkaConsumer: topic=test-binance-raw}
Subscribers: {'binance': [<ClientHandler: id=0>]}
--------------------------------------------

---------------ts: 2022-02-14 17:20:02.785430---------------
Broadcast Backlog: 0
Messages Broadcasted: 0
Broadcasters: {'binance': AsyncKafkaConsumer: topic=test-binance-raw}
Subscribers: {'binance': [<ClientHandler: id=0>]}
--------------------------------------------

---------------ts: 2022-02-14 17:20:03.803233---------------
Broadcast Backlog: 0
Messages Broadcasted: 0
Broadcasters: {'binance': AsyncKafkaConsumer: topic=test-binance-raw}
Subscribers: {'binance': [<ClientHandler: id=0>]}
--------------------------------------------

---------------ts: 2022-02-14 17:20:04.835277---------------
Broadcast Backlog: 0
Messages Broadcasted: 0
Broadcasters: {'binance': AsyncKafkaConsumer: topic=test-binance-raw}
Subscribers: {'binance': [<ClientHandler: id=0>]}
--------------------------------------------

---------------ts: 2022-02-14 17:20:05.852351---------------
Broadcast Backlog: 0
Messages Broadcasted: 0
Broadcasters: {'binance': AsyncKafkaConsumer: topic=test-binance-raw}
Subscribers: {'binance': [<ClientHandler: id=0>]}
--------------------------------------------

---------------ts: 2022-02-14 17:20:06.872920---------------
Broadcast Backlog: 0
Messages Broadcasted: 0
Broadcasters: {'binance': AsyncKafkaConsumer: topic=test-binance-raw}
Subscribers: {'binance': [<ClientHandler: id=0>]}
--------------------------------------------

---------------ts: 2022-02-14 17:20:07.892170---------------
Broadcast Backlog: 0
Messages Broadcasted: 0
Broadcasters: {'binance': AsyncKafkaConsumer: topic=test-binance-raw}
Subscribers: {'binance': [<ClientHandler: id=0>]}
--------------------------------------------

---------------ts: 2022-02-14 17:20:08.910160---------------
Broadcast Backlog: 0
Messages Broadcasted: 0
Broadcasters: {'binance': AsyncKafkaConsumer: topic=test-binance-raw}
Subscribers: {'binance': [<ClientHandler: id=0>]}
--------------------------------------------

---------------ts: 2022-02-14 17:20:09.929627---------------
Broadcast Backlog: 0
Messages Broadcasted: 0
Broadcasters: {'binance': AsyncKafkaConsumer: topic=test-binance-raw}
Subscribers: {'binance': [<ClientHandler: id=0>]}
--------------------------------------------

---------------ts: 2022-02-14 17:20:10.945784---------------
Broadcast Backlog: 0
Messages Broadcasted: 0
Broadcasters: {'binance': AsyncKafkaConsumer: topic=test-binance-raw}
Subscribers: {'binance': [<ClientHandler: id=0>]}
--------------------------------------------

---------------ts: 2022-02-14 17:20:11.972479---------------
Broadcast Backlog: 0
Messages Broadcasted: 0
Broadcasters: {'binance': AsyncKafkaConsumer: topic=test-binance-raw}
Subscribers: {'binance': [<ClientHandler: id=0>]}
--------------------------------------------

---------------ts: 2022-02-14 17:20:12.989330---------------
Broadcast Backlog: 0
Messages Broadcasted: 0
Broadcasters: {'binance': AsyncKafkaConsumer: topic=test-binance-raw}
Subscribers: {'binance': [<ClientHandler: id=0>]}
--------------------------------------------

---------------ts: 2022-02-14 17:20:14.003082---------------
Broadcast Backlog: 0
Messages Broadcasted: 0
Broadcasters: {'binance': AsyncKafkaConsumer: topic=test-binance-raw}
Subscribers: {'binance': [<ClientHandler: id=0>]}
--------------------------------------------

---------------ts: 2022-02-14 17:20:15.024747---------------
Broadcast Backlog: 0
Messages Broadcasted: 0
Broadcasters: {'binance': AsyncKafkaConsumer: topic=test-binance-raw}
Subscribers: {'binance': [<ClientHandler: id=0>]}
--------------------------------------------

---------------ts: 2022-02-14 17:20:16.039817---------------
Broadcast Backlog: 0
Messages Broadcasted: 0
Broadcasters: {'binance': AsyncKafkaConsumer: topic=test-binance-raw}
Subscribers: {'binance': [<ClientHandler: id=0>]}
--------------------------------------------

---------------ts: 2022-02-14 17:20:17.054304---------------
Broadcast Backlog: 0
Messages Broadcasted: 0
Broadcasters: {'binance': AsyncKafkaConsumer: topic=test-binance-raw}
Subscribers: {'binance': [<ClientHandler: id=0>]}
--------------------------------------------

---------------ts: 2022-02-14 17:20:18.066921---------------
Broadcast Backlog: 0
Messages Broadcasted: 0
Broadcasters: {'binance': AsyncKafkaConsumer: topic=test-binance-raw}
Subscribers: {'binance': [<ClientHandler: id=0>]}
--------------------------------------------

---------------ts: 2022-02-14 17:20:19.094413---------------
Broadcast Backlog: 0
Messages Broadcasted: 0
Broadcasters: {'binance': AsyncKafkaConsumer: topic=test-binance-raw}
Subscribers: {'binance': [<ClientHandler: id=0>]}
--------------------------------------------

---------------ts: 2022-02-14 17:20:20.115556---------------
Broadcast Backlog: 0
Messages Broadcasted: 0
Broadcasters: {'binance': AsyncKafkaConsumer: topic=test-binance-raw}
Subscribers: {'binance': [<ClientHandler: id=0>]}
--------------------------------------------

---------------ts: 2022-02-14 17:20:21.131891---------------
Broadcast Backlog: 0
Messages Broadcasted: 0
Broadcasters: {'binance': AsyncKafkaConsumer: topic=test-binance-raw}
Subscribers: {'binance': [<ClientHandler: id=0>]}
--------------------------------------------

---------------ts: 2022-02-14 17:20:22.147305---------------
Broadcast Backlog: 0
Messages Broadcasted: 0
Broadcasters: {'binance': AsyncKafkaConsumer: topic=test-binance-raw}
Subscribers: {'binance': [<ClientHandler: id=0>]}
--------------------------------------------

---------------ts: 2022-02-14 17:20:23.163737---------------
Broadcast Backlog: 0
Messages Broadcasted: 0
Broadcasters: {'binance': AsyncKafkaConsumer: topic=test-binance-raw}
Subscribers: {'binance': [<ClientHandler: id=0>]}
--------------------------------------------

---------------ts: 2022-02-14 17:20:24.177283---------------
Broadcast Backlog: 0
Messages Broadcasted: 0
Broadcasters: {'binance': AsyncKafkaConsumer: topic=test-binance-raw}
Subscribers: {'binance': [<ClientHandler: id=0>]}
--------------------------------------------

---------------ts: 2022-02-14 17:20:25.193129---------------
Broadcast Backlog: 0
Messages Broadcasted: 0
Broadcasters: {'binance': AsyncKafkaConsumer: topic=test-binance-raw}
Subscribers: {'binance': [<ClientHandler: id=0>]}
--------------------------------------------

---------------ts: 2022-02-14 17:20:26.206962---------------
Broadcast Backlog: 0
Messages Broadcasted: 0
Broadcasters: {'binance': AsyncKafkaConsumer: topic=test-binance-raw}
Subscribers: {'binance': [<ClientHandler: id=0>]}
--------------------------------------------

---------------ts: 2022-02-14 17:20:27.221076---------------
Broadcast Backlog: 0
Messages Broadcasted: 0
Broadcasters: {'binance': AsyncKafkaConsumer: topic=test-binance-raw}
Subscribers: {'binance': [<ClientHandler: id=0>]}
--------------------------------------------

---------------ts: 2022-02-14 17:20:28.276722---------------
Broadcast Backlog: 0
Messages Broadcasted: 0
Broadcasters: {'binance': AsyncKafkaConsumer: topic=test-binance-raw}
Subscribers: {'binance': [<ClientHandler: id=0>]}
--------------------------------------------

---------------ts: 2022-02-14 17:20:29.294207---------------
Broadcast Backlog: 0
Messages Broadcasted: 0
Broadcasters: {'binance': AsyncKafkaConsumer: topic=test-binance-raw}
Subscribers: {'binance': [<ClientHandler: id=0>]}
--------------------------------------------

---------------ts: 2022-02-14 17:20:30.308705---------------
Broadcast Backlog: 0
Messages Broadcasted: 0
Broadcasters: {'binance': AsyncKafkaConsumer: topic=test-binance-raw}
Subscribers: {'binance': [<ClientHandler: id=0>]}
--------------------------------------------

---------------ts: 2022-02-14 17:20:31.319065---------------
Broadcast Backlog: 0
Messages Broadcasted: 0
Broadcasters: {'binance': AsyncKafkaConsumer: topic=test-binance-raw}
Subscribers: {'binance': [<ClientHandler: id=0>]}
--------------------------------------------

---------------ts: 2022-02-14 17:20:32.332279---------------
Broadcast Backlog: 0
Messages Broadcasted: 0
Broadcasters: {'binance': AsyncKafkaConsumer: topic=test-binance-raw}
Subscribers: {'binance': [<ClientHandler: id=0>]}
--------------------------------------------

---------------ts: 2022-02-14 17:20:33.349223---------------
Broadcast Backlog: 0
Messages Broadcasted: 0
Broadcasters: {'binance': AsyncKafkaConsumer: topic=test-binance-raw}
Subscribers: {'binance': [<ClientHandler: id=0>]}
--------------------------------------------

---------------ts: 2022-02-14 17:20:34.407906---------------
Broadcast Backlog: 0
Messages Broadcasted: 0
Broadcasters: {'binance': AsyncKafkaConsumer: topic=test-binance-raw}
Subscribers: {'binance': [<ClientHandler: id=0>]}
--------------------------------------------

---------------ts: 2022-02-14 17:20:35.457816---------------
Broadcast Backlog: 0
Messages Broadcasted: 0
Broadcasters: {'binance': AsyncKafkaConsumer: topic=test-binance-raw}
Subscribers: {'binance': [<ClientHandler: id=0>]}
--------------------------------------------

---------------ts: 2022-02-14 17:20:36.483442---------------
Broadcast Backlog: 0
Messages Broadcasted: 0
Broadcasters: {'binance': AsyncKafkaConsumer: topic=test-binance-raw}
Subscribers: {'binance': [<ClientHandler: id=0>]}
--------------------------------------------

---------------ts: 2022-02-14 17:20:37.508802---------------
Broadcast Backlog: 0
Messages Broadcasted: 0
Broadcasters: {'binance': AsyncKafkaConsumer: topic=test-binance-raw}
Subscribers: {'binance': [<ClientHandler: id=0>]}
--------------------------------------------

---------------ts: 2022-02-14 17:20:38.525519---------------
Broadcast Backlog: 0
Messages Broadcasted: 0
Broadcasters: {'binance': AsyncKafkaConsumer: topic=test-binance-raw}
Subscribers: {'binance': [<ClientHandler: id=0>]}
--------------------------------------------

---------------ts: 2022-02-14 17:20:39.556440---------------
Broadcast Backlog: 0
Messages Broadcasted: 23
Broadcasters: {'binance': AsyncKafkaConsumer: topic=test-binance-raw}
Subscribers: {'binance': [<ClientHandler: id=0>]}
--------------------------------------------

---------------ts: 2022-02-14 17:20:40.603907---------------
Broadcast Backlog: 0
Messages Broadcasted: 58
Broadcasters: {'binance': AsyncKafkaConsumer: topic=test-binance-raw}
Subscribers: {'binance': [<ClientHandler: id=0>]}
--------------------------------------------

---------------ts: 2022-02-14 17:20:41.630141---------------
Broadcast Backlog: 0
Messages Broadcasted: 101
Broadcasters: {'binance': AsyncKafkaConsumer: topic=test-binance-raw}
Subscribers: {'binance': [<ClientHandler: id=0>]}
--------------------------------------------

---------------ts: 2022-02-14 17:20:42.672816---------------
Broadcast Backlog: 1
Messages Broadcasted: 144
Broadcasters: {'binance': AsyncKafkaConsumer: topic=test-binance-raw}
Subscribers: {'binance': [<ClientHandler: id=0>]}
--------------------------------------------

---------------ts: 2022-02-14 17:20:43.718077---------------
Broadcast Backlog: 1
Messages Broadcasted: 183
Broadcasters: {'binance': AsyncKafkaConsumer: topic=test-binance-raw}
Subscribers: {'binance': [<ClientHandler: id=0>]}
--------------------------------------------

---------------ts: 2022-02-14 17:20:44.749835---------------
Broadcast Backlog: 1
Messages Broadcasted: 222
Broadcasters: {'binance': AsyncKafkaConsumer: topic=test-binance-raw}
Subscribers: {'binance': [<ClientHandler: id=0>]}
--------------------------------------------

---------------ts: 2022-02-14 17:20:45.788086---------------
Broadcast Backlog: 0
Messages Broadcasted: 266
Broadcasters: {'binance': AsyncKafkaConsumer: topic=test-binance-raw}
Subscribers: {'binance': [<ClientHandler: id=0>]}
--------------------------------------------

client_1 not subscribed to bitfinex
---------------ts: 2022-02-14 17:20:46.834278---------------
Broadcast Backlog: 0
Messages Broadcasted: 306
Broadcasters: {'binance': AsyncKafkaConsumer: topic=test-binance-raw}
Subscribers: {'binance': [<ClientHandler: id=0>]}
--------------------------------------------

---------------ts: 2022-02-14 17:20:47.882849---------------
Broadcast Backlog: 0
Messages Broadcasted: 347
Broadcasters: {'binance': AsyncKafkaConsumer: topic=test-binance-raw}
Subscribers: {'binance': [<ClientHandler: id=0>]}
--------------------------------------------

---------------ts: 2022-02-14 17:20:48.966339---------------
Broadcast Backlog: 1
Messages Broadcasted: 384
Broadcasters: {'binance': AsyncKafkaConsumer: topic=test-binance-raw}
Subscribers: {'binance': [<ClientHandler: id=0>]}
--------------------------------------------

---------------ts: 2022-02-14 17:20:50.011154---------------
Broadcast Backlog: 0
Messages Broadcasted: 420
Broadcasters: {'binance': AsyncKafkaConsumer: topic=test-binance-raw}
Subscribers: {'binance': [<ClientHandler: id=0>]}
--------------------------------------------

---------------ts: 2022-02-14 17:20:51.045493---------------
Broadcast Backlog: 1
Messages Broadcasted: 447
Broadcasters: {'binance': AsyncKafkaConsumer: topic=test-binance-raw}
Subscribers: {'binance': [<ClientHandler: id=0>]}
--------------------------------------------

---------------ts: 2022-02-14 17:20:52.078863---------------
Broadcast Backlog: 1
Messages Broadcasted: 480
Broadcasters: {'binance': AsyncKafkaConsumer: topic=test-binance-raw}
Subscribers: {'binance': [<ClientHandler: id=0>]}
--------------------------------------------

---------------ts: 2022-02-14 17:20:53.117335---------------
Broadcast Backlog: 1
Messages Broadcasted: 514
Broadcasters: {'binance': AsyncKafkaConsumer: topic=test-binance-raw}
Subscribers: {'binance': [<ClientHandler: id=0>]}
--------------------------------------------

---------------ts: 2022-02-14 17:20:54.153261---------------
Broadcast Backlog: 0
Messages Broadcasted: 558
Broadcasters: {'binance': AsyncKafkaConsumer: topic=test-binance-raw}
Subscribers: {'binance': [<ClientHandler: id=0>]}
--------------------------------------------

---------------ts: 2022-02-14 17:20:55.189944---------------
Broadcast Backlog: 0
Messages Broadcasted: 601
Broadcasters: {'binance': AsyncKafkaConsumer: topic=test-binance-raw}
Subscribers: {'binance': [<ClientHandler: id=0>]}
--------------------------------------------

---------------ts: 2022-02-14 17:20:56.227888---------------
Broadcast Backlog: 1
Messages Broadcasted: 643
Broadcasters: {'binance': AsyncKafkaConsumer: topic=test-binance-raw}
Subscribers: {'binance': [<ClientHandler: id=0>]}
--------------------------------------------

---------------ts: 2022-02-14 17:20:57.264916---------------
Broadcast Backlog: 1
Messages Broadcasted: 676
Broadcasters: {'binance': AsyncKafkaConsumer: topic=test-binance-raw}
Subscribers: {'binance': [<ClientHandler: id=0>]}
--------------------------------------------

---------------ts: 2022-02-14 17:20:58.297895---------------
Broadcast Backlog: 1
Messages Broadcasted: 711
Broadcasters: {'binance': AsyncKafkaConsumer: topic=test-binance-raw}
Subscribers: {'binance': [<ClientHandler: id=0>]}
--------------------------------------------

binance consumer stopped
---------------ts: 2022-02-14 17:21:09.534313---------------
Broadcast Backlog: 0
Messages Broadcasted: 739
Broadcasters: {}
Subscribers: {}
--------------------------------------------

bitfinex consumer started
binance consumer started
---------------ts: 2022-02-14 17:21:10.561902---------------
Broadcast Backlog: 0
Messages Broadcasted: 739
Broadcasters: {'bitfinex': AsyncKafkaConsumer: topic=test-bitfinex-raw, 'binance': AsyncKafkaConsumer: topic=test-binance-raw}
Subscribers: {'bitfinex': [<ClientHandler: id=0>], 'binance': [<ClientHandler: id=0>]}
--------------------------------------------

---------------ts: 2022-02-14 17:21:11.590225---------------
Broadcast Backlog: 0
Messages Broadcasted: 739
Broadcasters: {'bitfinex': AsyncKafkaConsumer: topic=test-bitfinex-raw, 'binance': AsyncKafkaConsumer: topic=test-binance-raw}
Subscribers: {'bitfinex': [<ClientHandler: id=0>], 'binance': [<ClientHandler: id=0>]}
--------------------------------------------

bitfinex consumer stopped
---------------ts: 2022-02-14 17:21:20.362421---------------
Broadcast Backlog: 0
Messages Broadcasted: 739
Broadcasters: {'binance': AsyncKafkaConsumer: topic=test-binance-raw}
Subscribers: {'binance': [<ClientHandler: id=0>]}
--------------------------------------------

---------------ts: 2022-02-14 17:21:21.385031---------------
Broadcast Backlog: 0
Messages Broadcasted: 739
Broadcasters: {'binance': AsyncKafkaConsumer: topic=test-binance-raw}
Subscribers: {'binance': [<ClientHandler: id=0>]}
--------------------------------------------

---------------ts: 2022-02-14 17:21:22.398504---------------
Broadcast Backlog: 0
Messages Broadcasted: 739
Broadcasters: {'binance': AsyncKafkaConsumer: topic=test-binance-raw}
Subscribers: {'binance': [<ClientHandler: id=0>]}
--------------------------------------------

---------------ts: 2022-02-14 17:21:23.417743---------------
Broadcast Backlog: 0
Messages Broadcasted: 739
Broadcasters: {'binance': AsyncKafkaConsumer: topic=test-binance-raw}
Subscribers: {'binance': [<ClientHandler: id=0>]}
--------------------------------------------

---------------ts: 2022-02-14 17:21:24.436466---------------
Broadcast Backlog: 0
Messages Broadcasted: 739
Broadcasters: {'binance': AsyncKafkaConsumer: topic=test-binance-raw}
Subscribers: {'binance': [<ClientHandler: id=0>]}
--------------------------------------------

---------------ts: 2022-02-14 17:21:25.457156---------------
Broadcast Backlog: 0
Messages Broadcasted: 739
Broadcasters: {'binance': AsyncKafkaConsumer: topic=test-binance-raw}
Subscribers: {'binance': [<ClientHandler: id=0>]}
--------------------------------------------

---------------ts: 2022-02-14 17:21:26.489111---------------
Broadcast Backlog: 0
Messages Broadcasted: 739
Broadcasters: {'binance': AsyncKafkaConsumer: topic=test-binance-raw}
Subscribers: {'binance': [<ClientHandler: id=0>]}
--------------------------------------------

---------------ts: 2022-02-14 17:21:27.505031---------------
Broadcast Backlog: 0
Messages Broadcasted: 739
Broadcasters: {'binance': AsyncKafkaConsumer: topic=test-binance-raw}
Subscribers: {'binance': [<ClientHandler: id=0>]}
--------------------------------------------

---------------ts: 2022-02-14 17:21:28.519667---------------
Broadcast Backlog: 0
Messages Broadcasted: 739
Broadcasters: {'binance': AsyncKafkaConsumer: topic=test-binance-raw}
Subscribers: {'binance': [<ClientHandler: id=0>]}
--------------------------------------------

---------------ts: 2022-02-14 17:21:29.537480---------------
Broadcast Backlog: 0
Messages Broadcasted: 739
Broadcasters: {'binance': AsyncKafkaConsumer: topic=test-binance-raw}
Subscribers: {'binance': [<ClientHandler: id=0>]}
--------------------------------------------

---------------ts: 2022-02-14 17:21:30.559497---------------
Broadcast Backlog: 0
Messages Broadcasted: 739
Broadcasters: {'binance': AsyncKafkaConsumer: topic=test-binance-raw}
Subscribers: {'binance': [<ClientHandler: id=0>]}
--------------------------------------------

---------------ts: 2022-02-14 17:21:31.592006---------------
Broadcast Backlog: 0
Messages Broadcasted: 739
Broadcasters: {'binance': AsyncKafkaConsumer: topic=test-binance-raw}
Subscribers: {'binance': [<ClientHandler: id=0>]}
--------------------------------------------

---------------ts: 2022-02-14 17:21:32.630147---------------
Broadcast Backlog: 0
Messages Broadcasted: 739
Broadcasters: {'binance': AsyncKafkaConsumer: topic=test-binance-raw}
Subscribers: {'binance': [<ClientHandler: id=0>]}
--------------------------------------------

---------------ts: 2022-02-14 17:21:33.708130---------------
Broadcast Backlog: 0
Messages Broadcasted: 739
Broadcasters: {'binance': AsyncKafkaConsumer: topic=test-binance-raw}
Subscribers: {'binance': [<ClientHandler: id=0>]}
--------------------------------------------

---------------ts: 2022-02-14 17:21:34.730913---------------
Broadcast Backlog: 0
Messages Broadcasted: 739
Broadcasters: {'binance': AsyncKafkaConsumer: topic=test-binance-raw}
Subscribers: {'binance': [<ClientHandler: id=0>]}
--------------------------------------------

---------------ts: 2022-02-14 17:21:35.748373---------------
Broadcast Backlog: 0
Messages Broadcasted: 739
Broadcasters: {'binance': AsyncKafkaConsumer: topic=test-binance-raw}
Subscribers: {'binance': [<ClientHandler: id=0>]}
--------------------------------------------

---------------ts: 2022-02-14 17:21:36.779878---------------
Broadcast Backlog: 0
Messages Broadcasted: 739
Broadcasters: {'binance': AsyncKafkaConsumer: topic=test-binance-raw}
Subscribers: {'binance': [<ClientHandler: id=0>]}
--------------------------------------------

---------------ts: 2022-02-14 17:21:37.792354---------------
Broadcast Backlog: 0
Messages Broadcasted: 739
Broadcasters: {'binance': AsyncKafkaConsumer: topic=test-binance-raw}
Subscribers: {'binance': [<ClientHandler: id=0>]}
--------------------------------------------

---------------ts: 2022-02-14 17:21:38.814561---------------
Broadcast Backlog: 0
Messages Broadcasted: 739
Broadcasters: {'binance': AsyncKafkaConsumer: topic=test-binance-raw}
Subscribers: {'binance': [<ClientHandler: id=0>]}
--------------------------------------------

---------------ts: 2022-02-14 17:21:39.831541---------------
Broadcast Backlog: 0
Messages Broadcasted: 739
Broadcasters: {'binance': AsyncKafkaConsumer: topic=test-binance-raw}
Subscribers: {'binance': [<ClientHandler: id=0>]}
--------------------------------------------

---------------ts: 2022-02-14 17:21:40.845086---------------
Broadcast Backlog: 0
Messages Broadcasted: 739
Broadcasters: {'binance': AsyncKafkaConsumer: topic=test-binance-raw}
Subscribers: {'binance': [<ClientHandler: id=0>]}
--------------------------------------------

---------------ts: 2022-02-14 17:21:41.857066---------------
Broadcast Backlog: 0
Messages Broadcasted: 739
Broadcasters: {'binance': AsyncKafkaConsumer: topic=test-binance-raw}
Subscribers: {'binance': [<ClientHandler: id=0>]}
--------------------------------------------

---------------ts: 2022-02-14 17:21:42.875450---------------
Broadcast Backlog: 0
Messages Broadcasted: 739
Broadcasters: {'binance': AsyncKafkaConsumer: topic=test-binance-raw}
Subscribers: {'binance': [<ClientHandler: id=0>]}
--------------------------------------------

---------------ts: 2022-02-14 17:21:43.897669---------------
Broadcast Backlog: 0
Messages Broadcasted: 739
Broadcasters: {'binance': AsyncKafkaConsumer: topic=test-binance-raw}
Subscribers: {'binance': [<ClientHandler: id=0>]}
--------------------------------------------

---------------ts: 2022-02-14 17:21:44.909470---------------
Broadcast Backlog: 0
Messages Broadcasted: 739
Broadcasters: {'binance': AsyncKafkaConsumer: topic=test-binance-raw}
Subscribers: {'binance': [<ClientHandler: id=0>]}
--------------------------------------------

---------------ts: 2022-02-14 17:21:45.926632---------------
Broadcast Backlog: 0
Messages Broadcasted: 739
Broadcasters: {'binance': AsyncKafkaConsumer: topic=test-binance-raw}
Subscribers: {'binance': [<ClientHandler: id=0>]}
--------------------------------------------

---------------ts: 2022-02-14 17:21:46.943262---------------
Broadcast Backlog: 0
Messages Broadcasted: 739
Broadcasters: {'binance': AsyncKafkaConsumer: topic=test-binance-raw}
Subscribers: {'binance': [<ClientHandler: id=0>]}
--------------------------------------------

---------------ts: 2022-02-14 17:21:47.965886---------------
Broadcast Backlog: 0
Messages Broadcasted: 739
Broadcasters: {'binance': AsyncKafkaConsumer: topic=test-binance-raw}
Subscribers: {'binance': [<ClientHandler: id=0>]}
--------------------------------------------

---------------ts: 2022-02-14 17:21:48.980989---------------
Broadcast Backlog: 0
Messages Broadcasted: 739
Broadcasters: {'binance': AsyncKafkaConsumer: topic=test-binance-raw}
Subscribers: {'binance': [<ClientHandler: id=0>]}
--------------------------------------------

---------------ts: 2022-02-14 17:21:49.995080---------------
Broadcast Backlog: 0
Messages Broadcasted: 739
Broadcasters: {'binance': AsyncKafkaConsumer: topic=test-binance-raw}
Subscribers: {'binance': [<ClientHandler: id=0>]}
--------------------------------------------

---------------ts: 2022-02-14 17:21:51.016910---------------
Broadcast Backlog: 0
Messages Broadcasted: 739
Broadcasters: {'binance': AsyncKafkaConsumer: topic=test-binance-raw}
Subscribers: {'binance': [<ClientHandler: id=0>]}
--------------------------------------------

---------------ts: 2022-02-14 17:21:52.030396---------------
Broadcast Backlog: 0
Messages Broadcasted: 739
Broadcasters: {'binance': AsyncKafkaConsumer: topic=test-binance-raw}
Subscribers: {'binance': [<ClientHandler: id=0>]}
--------------------------------------------

---------------ts: 2022-02-14 17:21:53.060741---------------
Broadcast Backlog: 0
Messages Broadcasted: 739
Broadcasters: {'binance': AsyncKafkaConsumer: topic=test-binance-raw}
Subscribers: {'binance': [<ClientHandler: id=0>]}
--------------------------------------------

---------------ts: 2022-02-14 17:21:54.084242---------------
Broadcast Backlog: 0
Messages Broadcasted: 739
Broadcasters: {'binance': AsyncKafkaConsumer: topic=test-binance-raw}
Subscribers: {'binance': [<ClientHandler: id=0>]}
--------------------------------------------

---------------ts: 2022-02-14 17:21:55.100724---------------
Broadcast Backlog: 0
Messages Broadcasted: 739
Broadcasters: {'binance': AsyncKafkaConsumer: topic=test-binance-raw}
Subscribers: {'binance': [<ClientHandler: id=0>]}
--------------------------------------------

---------------ts: 2022-02-14 17:21:56.116321---------------
Broadcast Backlog: 0
Messages Broadcasted: 739
Broadcasters: {'binance': AsyncKafkaConsumer: topic=test-binance-raw}
Subscribers: {'binance': [<ClientHandler: id=0>]}
--------------------------------------------

---------------ts: 2022-02-14 17:21:57.135432---------------
Broadcast Backlog: 0
Messages Broadcasted: 739
Broadcasters: {'binance': AsyncKafkaConsumer: topic=test-binance-raw}
Subscribers: {'binance': [<ClientHandler: id=0>]}
--------------------------------------------

---------------ts: 2022-02-14 17:21:58.152269---------------
Broadcast Backlog: 0
Messages Broadcasted: 739
Broadcasters: {'binance': AsyncKafkaConsumer: topic=test-binance-raw}
Subscribers: {'binance': [<ClientHandler: id=0>]}
--------------------------------------------

---------------ts: 2022-02-14 17:21:59.175054---------------
Broadcast Backlog: 0
Messages Broadcasted: 739
Broadcasters: {'binance': AsyncKafkaConsumer: topic=test-binance-raw}
Subscribers: {'binance': [<ClientHandler: id=0>]}
--------------------------------------------

---------------ts: 2022-02-14 17:22:00.195224---------------
Broadcast Backlog: 0
Messages Broadcasted: 739
Broadcasters: {'binance': AsyncKafkaConsumer: topic=test-binance-raw}
Subscribers: {'binance': [<ClientHandler: id=0>]}
--------------------------------------------

---------------ts: 2022-02-14 17:22:01.225326---------------
Broadcast Backlog: 0
Messages Broadcasted: 739
Broadcasters: {'binance': AsyncKafkaConsumer: topic=test-binance-raw}
Subscribers: {'binance': [<ClientHandler: id=0>]}
--------------------------------------------

---------------ts: 2022-02-14 17:22:02.247405---------------
Broadcast Backlog: 0
Messages Broadcasted: 739
Broadcasters: {'binance': AsyncKafkaConsumer: topic=test-binance-raw}
Subscribers: {'binance': [<ClientHandler: id=0>]}
--------------------------------------------

---------------ts: 2022-02-14 17:22:03.266155---------------
Broadcast Backlog: 0
Messages Broadcasted: 739
Broadcasters: {'binance': AsyncKafkaConsumer: topic=test-binance-raw}
Subscribers: {'binance': [<ClientHandler: id=0>]}
--------------------------------------------

---------------ts: 2022-02-14 17:22:04.283684---------------
Broadcast Backlog: 0
Messages Broadcasted: 739
Broadcasters: {'binance': AsyncKafkaConsumer: topic=test-binance-raw}
Subscribers: {'binance': [<ClientHandler: id=0>]}
--------------------------------------------

---------------ts: 2022-02-14 17:22:05.315104---------------
Broadcast Backlog: 0
Messages Broadcasted: 739
Broadcasters: {'binance': AsyncKafkaConsumer: topic=test-binance-raw}
Subscribers: {'binance': [<ClientHandler: id=0>]}
--------------------------------------------

---------------ts: 2022-02-14 17:22:06.331985---------------
Broadcast Backlog: 0
Messages Broadcasted: 739
Broadcasters: {'binance': AsyncKafkaConsumer: topic=test-binance-raw}
Subscribers: {'binance': [<ClientHandler: id=0>]}
--------------------------------------------

---------------ts: 2022-02-14 17:22:07.356432---------------
Broadcast Backlog: 0
Messages Broadcasted: 739
Broadcasters: {'binance': AsyncKafkaConsumer: topic=test-binance-raw}
Subscribers: {'binance': [<ClientHandler: id=0>]}
--------------------------------------------

---------------ts: 2022-02-14 17:22:08.397003---------------
Broadcast Backlog: 0
Messages Broadcasted: 739
Broadcasters: {'binance': AsyncKafkaConsumer: topic=test-binance-raw}
Subscribers: {'binance': [<ClientHandler: id=0>]}
--------------------------------------------

---------------ts: 2022-02-14 17:22:09.421739---------------
Broadcast Backlog: 0
Messages Broadcasted: 739
Broadcasters: {'binance': AsyncKafkaConsumer: topic=test-binance-raw}
Subscribers: {'binance': [<ClientHandler: id=0>]}
--------------------------------------------

---------------ts: 2022-02-14 17:22:10.441725---------------
Broadcast Backlog: 0
Messages Broadcasted: 739
Broadcasters: {'binance': AsyncKafkaConsumer: topic=test-binance-raw}
Subscribers: {'binance': [<ClientHandler: id=0>]}
--------------------------------------------

---------------ts: 2022-02-14 17:22:11.456805---------------
Broadcast Backlog: 0
Messages Broadcasted: 739
Broadcasters: {'binance': AsyncKafkaConsumer: topic=test-binance-raw}
Subscribers: {'binance': [<ClientHandler: id=0>]}
--------------------------------------------

---------------ts: 2022-02-14 17:22:12.470434---------------
Broadcast Backlog: 0
Messages Broadcasted: 739
Broadcasters: {'binance': AsyncKafkaConsumer: topic=test-binance-raw}
Subscribers: {'binance': [<ClientHandler: id=0>]}
--------------------------------------------

---------------ts: 2022-02-14 17:22:13.488583---------------
Broadcast Backlog: 0
Messages Broadcasted: 739
Broadcasters: {'binance': AsyncKafkaConsumer: topic=test-binance-raw}
Subscribers: {'binance': [<ClientHandler: id=0>]}
--------------------------------------------

---------------ts: 2022-02-14 17:22:14.507648---------------
Broadcast Backlog: 0
Messages Broadcasted: 739
Broadcasters: {'binance': AsyncKafkaConsumer: topic=test-binance-raw}
Subscribers: {'binance': [<ClientHandler: id=0>]}
--------------------------------------------

---------------ts: 2022-02-14 17:22:15.523644---------------
Broadcast Backlog: 0
Messages Broadcasted: 739
Broadcasters: {'binance': AsyncKafkaConsumer: topic=test-binance-raw}
Subscribers: {'binance': [<ClientHandler: id=0>]}
--------------------------------------------

---------------ts: 2022-02-14 17:22:16.539889---------------
Broadcast Backlog: 0
Messages Broadcasted: 739
Broadcasters: {'binance': AsyncKafkaConsumer: topic=test-binance-raw}
Subscribers: {'binance': [<ClientHandler: id=0>]}
--------------------------------------------

---------------ts: 2022-02-14 17:22:17.553932---------------
Broadcast Backlog: 0
Messages Broadcasted: 739
Broadcasters: {'binance': AsyncKafkaConsumer: topic=test-binance-raw}
Subscribers: {'binance': [<ClientHandler: id=0>]}
--------------------------------------------

---------------ts: 2022-02-14 17:22:18.570659---------------
Broadcast Backlog: 0
Messages Broadcasted: 739
Broadcasters: {'binance': AsyncKafkaConsumer: topic=test-binance-raw}
Subscribers: {'binance': [<ClientHandler: id=0>]}
--------------------------------------------

---------------ts: 2022-02-14 17:22:19.587851---------------
Broadcast Backlog: 0
Messages Broadcasted: 739
Broadcasters: {'binance': AsyncKafkaConsumer: topic=test-binance-raw}
Subscribers: {'binance': [<ClientHandler: id=0>]}
--------------------------------------------

---------------ts: 2022-02-14 17:22:20.603613---------------
Broadcast Backlog: 0
Messages Broadcasted: 739
Broadcasters: {'binance': AsyncKafkaConsumer: topic=test-binance-raw}
Subscribers: {'binance': [<ClientHandler: id=0>]}
--------------------------------------------

binance consumer stopped
---------------ts: 2022-02-14 17:22:26.709839---------------
Broadcast Backlog: 0
Messages Broadcasted: 739
Broadcasters: {}
Subscribers: {}
--------------------------------------------

client_0 shutdown
---------------ts: 2022-02-14 17:22:27.714398---------------
Broadcast Backlog: 0
Messages Broadcasted: 739
Broadcasters: {}
Subscribers: {}
--------------------------------------------

---------------ts: 2022-02-14 17:22:28.720398---------------
Broadcast Backlog: 0
Messages Broadcasted: 739
Broadcasters: {}
Subscribers: {}
--------------------------------------------

---------------ts: 2022-02-14 17:22:29.726306---------------
Broadcast Backlog: 0
Messages Broadcasted: 739
Broadcasters: {}
Subscribers: {}
--------------------------------------------

---------------ts: 2022-02-14 17:22:30.732149---------------
Broadcast Backlog: 0
Messages Broadcasted: 739
Broadcasters: {}
Subscribers: {}
--------------------------------------------

---------------ts: 2022-02-14 17:22:31.740006---------------
Broadcast Backlog: 0
Messages Broadcasted: 739
Broadcasters: {}
Subscribers: {}
--------------------------------------------

---------------ts: 2022-02-14 17:22:32.771764---------------
Broadcast Backlog: 0
Messages Broadcasted: 739
Broadcasters: {}
Subscribers: {}
--------------------------------------------

---------------ts: 2022-02-14 17:22:33.780362---------------
Broadcast Backlog: 0
Messages Broadcasted: 739
Broadcasters: {}
Subscribers: {}
--------------------------------------------

---------------ts: 2022-02-14 17:22:34.785670---------------
Broadcast Backlog: 0
Messages Broadcasted: 739
Broadcasters: {}
Subscribers: {}
--------------------------------------------

---------------ts: 2022-02-14 17:22:35.791665---------------
Broadcast Backlog: 0
Messages Broadcasted: 739
Broadcasters: {}
Subscribers: {}
--------------------------------------------

---------------ts: 2022-02-14 17:22:36.797977---------------
Broadcast Backlog: 0
Messages Broadcasted: 739
Broadcasters: {}
Subscribers: {}
--------------------------------------------

---------------ts: 2022-02-14 17:22:37.827416---------------
Broadcast Backlog: 0
Messages Broadcasted: 739
Broadcasters: {}
Subscribers: {}
--------------------------------------------

---------------ts: 2022-02-14 17:22:38.835683---------------
Broadcast Backlog: 0
Messages Broadcasted: 739
Broadcasters: {}
Subscribers: {}
--------------------------------------------

---------------ts: 2022-02-14 17:22:39.842466---------------
Broadcast Backlog: 0
Messages Broadcasted: 739
Broadcasters: {}
Subscribers: {}
--------------------------------------------

---------------ts: 2022-02-14 17:22:40.848049---------------
Broadcast Backlog: 0
Messages Broadcasted: 739
Broadcasters: {}
Subscribers: {}
--------------------------------------------

---------------ts: 2022-02-14 17:22:41.857151---------------
Broadcast Backlog: 0
Messages Broadcasted: 739
Broadcasters: {}
Subscribers: {}
--------------------------------------------

---------------ts: 2022-02-14 17:22:42.864615---------------
Broadcast Backlog: 0
Messages Broadcasted: 739
Broadcasters: {}
Subscribers: {}
--------------------------------------------

Interrupt signal received.
Server Shut Down
